<?xml version="1.0" encoding="UTF-8"?>
<!-- Generated by org.testng.reporters.JUnitReportReporter -->
<testsuite skipped="0" hostname="QINDW234" name="test.Loginj" tests="1" failures="0" timestamp="2020-06-04T19:59:47 IST" time="0.449" errors="1">
  <testcase name="DoLogin" time="0.449" classname="test.Loginj">
    <error type="org.testng.internal.reflect.MethodMatcherException" message="
[public void test.Loginj.DoLogin(java.util.List)] has no parameters defined but was found to be using a data provider (either explicitly specified or inherited from class level annotation).
Data provider mismatch
Method: DoLogin([Parameter{index=0, type=java.util.List, declaredAnnotations=[]}])
Arguments: [(java.lang.String) vinod,(java.lang.String) xhxhxc]">
      <![CDATA[org.testng.internal.reflect.MethodMatcherException: 
[public void test.Loginj.DoLogin(java.util.List)] has no parameters defined but was found to be using a data provider (either explicitly specified or inherited from class level annotation).
Data provider mismatch
Method: DoLogin([Parameter{index=0, type=java.util.List, declaredAnnotations=[]}])
Arguments: [(java.lang.String) vinod,(java.lang.String) xhxhxc]
at org.testng.internal.reflect.DataProviderMethodMatcher.getConformingArguments(DataProviderMethodMatcher.java:43)
at org.testng.internal.Parameters.injectParameters(Parameters.java:909)
at org.testng.internal.MethodRunner.runInSequence(MethodRunner.java:34)
at org.testng.internal.TestInvoker$MethodInvocationAgent.invoke(TestInvoker.java:816)
at org.testng.internal.TestInvoker.invokeTestMethods(TestInvoker.java:146)
at org.testng.internal.TestMethodWorker.invokeTestMethods(TestMethodWorker.java:146)
at org.testng.internal.TestMethodWorker.run(TestMethodWorker.java:128)
at java.util.ArrayList.forEach(ArrayList.java:1257)
at org.testng.TestRunner.privateRun(TestRunner.java:766)
at org.testng.TestRunner.run(TestRunner.java:587)
at org.testng.SuiteRunner.runTest(SuiteRunner.java:384)
at org.testng.SuiteRunner.access$000(SuiteRunner.java:28)
at org.testng.SuiteRunner$SuiteWorker.run(SuiteRunner.java:425)
at org.testng.internal.thread.ThreadUtil.lambda$execute$0(ThreadUtil.java:68)
at java.util.concurrent.FutureTask.run(FutureTask.java:266)
at java.util.concurrent.ThreadPoolExecutor.runWorker(ThreadPoolExecutor.java:1149)
at java.util.concurrent.ThreadPoolExecutor$Worker.run(ThreadPoolExecutor.java:624)
at java.lang.Thread.run(Thread.java:748)
]]>
    </error>
  </testcase> <!-- DoLogin -->
  <system-out/>
</testsuite> <!-- test.Loginj -->
